# JRE version: OpenJDK Runtime Environment (8.0_152-b01) (build 1.8.0_152-release-1024-b01)
# Java VM: OpenJDK 64-Bit Server VM (25.152-b01 mixed mode linux-amd64 compressed oops)
Heap:
 PSYoungGen      total 250880K, used 23868K [0x00000000e0000000, 0x00000000f2600000, 0x0000000100000000)
  eden space 200704K, 0% used [0x00000000e0000000,0x00000000e0000000,0x00000000ec400000)
  from space 50176K, 47% used [0x00000000ec400000,0x00000000edb4f330,0x00000000ef500000)
  to   space 48128K, 0% used [0x00000000ef700000,0x00000000ef700000,0x00000000f2600000)
 ParOldGen       total 120832K, used 92390K [0x00000000a0000000, 0x00000000a7600000, 0x00000000e0000000)
  object space 120832K, 76% used [0x00000000a0000000,0x00000000a5a399b0,0x00000000a7600000)
 Metaspace       used 82428K, capacity 86832K, committed 87000K, reserved 1124352K
  class space    used 10424K, capacity 11189K, committed 11264K, reserved 1048576K
GC Heap History (10 events):
Event: 7745,036 GC heap after
Heap after GC invocations=27 (full 3):
 PSYoungGen      total 193024K, used 31466K [0x00000000e0000000, 0x00000000ef680000, 0x0000000100000000)
  eden space 141312K, 0% used [0x00000000e0000000,0x00000000e0000000,0x00000000e8a00000)
  from space 51712K, 60% used [0x00000000ebc00000,0x00000000edabaa90,0x00000000eee80000)
  to   space 51200K, 0% used [0x00000000e8a00000,0x00000000e8a00000,0x00000000ebc00000)
 ParOldGen       total 120832K, used 69463K [0x00000000a0000000, 0x00000000a7600000, 0x00000000e0000000)
  object space 120832K, 57% used [0x00000000a0000000,0x00000000a43d5d20,0x00000000a7600000)
 Metaspace       used 82035K, capacity 86294K, committed 86488K, reserved 1124352K
  class space    used 10416K, capacity 11176K, committed 11264K, reserved 1048576K
}
Event: 7747,190 GC heap before
{Heap before GC invocations=28 (full 3):
 PSYoungGen      total 193024K, used 172778K [0x00000000e0000000, 0x00000000ef680000, 0x0000000100000000)
  eden space 141312K, 100% used [0x00000000e0000000,0x00000000e8a00000,0x00000000e8a00000)
  from space 51712K, 60% used [0x00000000ebc00000,0x00000000edabaa90,0x00000000eee80000)
  to   space 51200K, 0% used [0x00000000e8a00000,0x00000000e8a00000,0x00000000ebc00000)
 ParOldGen       total 120832K, used 69463K [0x00000000a0000000, 0x00000000a7600000, 0x00000000e0000000)
  object space 120832K, 57% used [0x00000000a0000000,0x00000000a43d5d20,0x00000000a7600000)
 Metaspace       used 82277K, capacity 86648K, committed 86744K, reserved 1124352K
  class space    used 10417K, capacity 11177K, committed 11264K, reserved 1048576K
Event: 7747,244 GC heap after
Heap after GC invocations=28 (full 3):
 PSYoungGen      total 192512K, used 31028K [0x00000000e0000000, 0x00000000f0080000, 0x0000000100000000)
  eden space 141312K, 0% used [0x00000000e0000000,0x00000000e0000000,0x00000000e8a00000)
  from space 51200K, 60% used [0x00000000e8a00000,0x00000000ea84d0d8,0x00000000ebc00000)
  to   space 50688K, 0% used [0x00000000ecf00000,0x00000000ecf00000,0x00000000f0080000)
 ParOldGen       total 120832K, used 69463K [0x00000000a0000000, 0x00000000a7600000, 0x00000000e0000000)
  object space 120832K, 57% used [0x00000000a0000000,0x00000000a43d5d20,0x00000000a7600000)
 Metaspace       used 82277K, capacity 86648K, committed 86744K, reserved 1124352K
  class space    used 10417K, capacity 11177K, committed 11264K, reserved 1048576K
}
Event: 7749,625 GC heap before
{Heap before GC invocations=29 (full 3):
 PSYoungGen      total 192512K, used 172340K [0x00000000e0000000, 0x00000000f0080000, 0x0000000100000000)
  eden space 141312K, 100% used [0x00000000e0000000,0x00000000e8a00000,0x00000000e8a00000)
  from space 51200K, 60% used [0x00000000e8a00000,0x00000000ea84d0d8,0x00000000ebc00000)
  to   space 50688K, 0% used [0x00000000ecf00000,0x00000000ecf00000,0x00000000f0080000)
 ParOldGen       total 120832K, used 69463K [0x00000000a0000000, 0x00000000a7600000, 0x00000000e0000000)
  object space 120832K, 57% used [0x00000000a0000000,0x00000000a43d5d20,0x00000000a7600000)
 Metaspace       used 82365K, capacity 86740K, committed 87000K, reserved 1124352K
  class space    used 10421K, capacity 11183K, committed 11264K, reserved 1048576K
Event: 7749,806 GC heap after
Heap after GC invocations=29 (full 3):
 PSYoungGen      total 213504K, used 29857K [0x00000000e0000000, 0x00000000f0100000, 0x0000000100000000)
  eden space 162816K, 0% used [0x00000000e0000000,0x00000000e0000000,0x00000000e9f00000)
  from space 50688K, 58% used [0x00000000ecf00000,0x00000000eec28470,0x00000000f0080000)
  to   space 49152K, 0% used [0x00000000e9f00000,0x00000000e9f00000,0x00000000ecf00000)
 ParOldGen       total 120832K, used 69471K [0x00000000a0000000, 0x00000000a7600000, 0x00000000e0000000)
  object space 120832K, 57% used [0x00000000a0000000,0x00000000a43d7d20,0x00000000a7600000)
 Metaspace       used 82365K, capacity 86740K, committed 87000K, reserved 1124352K
  class space    used 10421K, capacity 11183K, committed 11264K, reserved 1048576K
}
Event: 7750,888 GC heap before
{Heap before GC invocations=30 (full 3):
 PSYoungGen      total 213504K, used 191753K [0x00000000e0000000, 0x00000000f0100000, 0x0000000100000000)
  eden space 162816K, 99% used [0x00000000e0000000,0x00000000e9e1a208,0x00000000e9f00000)
  from space 50688K, 58% used [0x00000000ecf00000,0x00000000eec28470,0x00000000f0080000)
  to   space 49152K, 0% used [0x00000000e9f00000,0x00000000e9f00000,0x00000000ecf00000)
 ParOldGen       total 120832K, used 69471K [0x00000000a0000000, 0x00000000a7600000, 0x00000000e0000000)
  object space 120832K, 57% used [0x00000000a0000000,0x00000000a43d7d20,0x00000000a7600000)
 Metaspace       used 82423K, capacity 86832K, committed 87000K, reserved 1124352K
  class space    used 10424K, capacity 11189K, committed 11264K, reserved 1048576K
Event: 7751,363 GC heap after
Heap after GC invocations=30 (full 3):
 PSYoungGen      total 211968K, used 39843K [0x00000000e0000000, 0x00000000f2980000, 0x0000000100000000)
  eden space 162816K, 0% used [0x00000000e0000000,0x00000000e0000000,0x00000000e9f00000)
  from space 49152K, 81% used [0x00000000e9f00000,0x00000000ec5e8cf0,0x00000000ecf00000)
  to   space 51712K, 0% used [0x00000000ef700000,0x00000000ef700000,0x00000000f2980000)
 ParOldGen       total 120832K, used 90405K [0x00000000a0000000, 0x00000000a7600000, 0x00000000e0000000)
  object space 120832K, 74% used [0x00000000a0000000,0x00000000a58494c0,0x00000000a7600000)
 Metaspace       used 82423K, capacity 86832K, committed 87000K, reserved 1124352K
  class space    used 10424K, capacity 11189K, committed 11264K, reserved 1048576K
}
Event: 7751,821 GC heap before
{Heap before GC invocations=31 (full 3):
 PSYoungGen      total 211968K, used 201887K [0x00000000e0000000, 0x00000000f2980000, 0x0000000100000000)
  eden space 162816K, 99% used [0x00000000e0000000,0x00000000e9e3efe0,0x00000000e9f00000)
  from space 49152K, 81% used [0x00000000e9f00000,0x00000000ec5e8cf0,0x00000000ecf00000)
  to   space 51712K, 0% used [0x00000000ef700000,0x00000000ef700000,0x00000000f2980000)
 ParOldGen       total 120832K, used 90405K [0x00000000a0000000, 0x00000000a7600000, 0x00000000e0000000)
  object space 120832K, 74% used [0x00000000a0000000,0x00000000a58494c0,0x00000000a7600000)
 Metaspace       used 82425K, capacity 86832K, committed 87000K, reserved 1124352K
  class space    used 10424K, capacity 11189K, committed 11264K, reserved 1048576K
Event: 7751,960 GC heap after
Heap after GC invocations=31 (full 3):
 PSYoungGen      total 248832K, used 25762K [0x00000000e0000000, 0x00000000f2600000, 0x0000000100000000)
  eden space 200704K, 0% used [0x00000000e0000000,0x00000000e0000000,0x00000000ec400000)
  from space 48128K, 53% used [0x00000000ef700000,0x00000000f1028870,0x00000000f2600000)
  to   space 50176K, 0% used [0x00000000ec400000,0x00000000ec400000,0x00000000ef500000)
 ParOldGen       total 120832K, used 90573K [0x00000000a0000000, 0x00000000a7600000, 0x00000000e0000000)
  object space 120832K, 74% used [0x00000000a0000000,0x00000000a58734e0,0x00000000a7600000)
 Metaspace       used 82425K, capacity 86832K, committed 87000K, reserved 1124352K
  class space    used 10424K, capacity 11189K, committed 11264K, reserved 1048576K
}
Event: 7752,051 GC heap before
{Heap before GC invocations=32 (full 3):
 PSYoungGen      total 248832K, used 225705K [0x00000000e0000000, 0x00000000f2600000, 0x0000000100000000)
  eden space 200704K, 99% used [0x00000000e0000000,0x00000000ec341d88,0x00000000ec400000)
  from space 48128K, 53% used [0x00000000ef700000,0x00000000f1028870,0x00000000f2600000)
  to   space 50176K, 0% used [0x00000000ec400000,0x00000000ec400000,0x00000000ef500000)
 ParOldGen       total 120832K, used 90573K [0x00000000a0000000, 0x00000000a7600000, 0x00000000e0000000)
  object space 120832K, 74% used [0x00000000a0000000,0x00000000a58734e0,0x00000000a7600000)
 Metaspace       used 82428K, capacity 86832K, committed 87000K, reserved 1124352K
  class space    used 10424K, capacity 11189K, committed 11264K, reserved 1048576K

